*** 2021-11-02T17:22:02Z: pi Starting up MY-DAEMON PID: 1953.
*** 2021-11-02T17:22:02Z: and important message or log detail...
*** 2021-11-02T17:23:02Z: and important message or log detail...
*** 2021-11-02T17:23:09Z: MY-DAEMON pi checked status - Not Running.
*** 2021-11-02T17:23:19Z: MY-DAEMON pi restarted
*** 2021-11-02T17:23:33Z: pi Starting up MY-DAEMON PID: 2013.
*** 2021-11-02T17:23:33Z: and important message or log detail...
*** 2021-11-02T17:23:44Z: MY-DAEMON pi restarted
*** 2021-11-02T17:25:41Z: pi Starting up MY-DAEMON PID: 2111.
*** 2021-11-02T17:25:41Z: and important message or log detail...
*** 2021-11-02T17:31:01Z: pi Starting up MY-DAEMON PID: 2165.
*** 2021-11-02T17:31:01Z: and important message or log detail...
*** 2021-11-02T17:32:21Z: pi Starting up MY-DAEMON PID: 2216.
*** 2021-11-02T17:32:21Z: and important message or log detail...
*** 2021-11-02T17:33:21Z: and important message or log detail...
*** 2021-11-02T17:34:00Z: MY-DAEMON pi checked status - Not Running.
*** 2021-11-02T17:34:21Z: and important message or log detail...
*** 2021-11-02T17:34:54Z: pi Starting up MY-DAEMON PID: 2266.
*** 2021-11-02T17:34:54Z: and important message or log detail...
*** 2021-11-02T17:35:21Z: and important message or log detail...
*** 2021-11-02T17:36:21Z: and important message or log detail...
*** 2021-11-02T17:37:21Z: and important message or log detail...
*** 2021-11-02T17:38:21Z: and important message or log detail...
*** 2021-11-02T17:39:21Z: and important message or log detail...
*** 2021-11-02T17:40:21Z: and important message or log detail...
*** 2021-11-02T17:41:21Z: and important message or log detail...
*** 2021-11-02T17:42:21Z: and important message or log detail...
*** 2021-11-02T17:43:21Z: and important message or log detail...
*** 2021-11-02T17:44:21Z: and important message or log detail...
*** 2021-11-02T17:45:53Z: pi Starting up MY-DAEMON PID: 2596.
*** 2021-11-02T17:45:53Z: and important message or log detail...
*** 2021-11-02T17:46:53Z: and important message or log detail...
*** 2021-11-02T17:47:05Z: MY-DAEMON pi checked status - Not Running.
*** 2021-11-02T17:47:15Z: pi Starting up MY-DAEMON PID: 2659.
*** 2021-11-02T17:47:15Z: and important message or log detail...
*** 2021-11-02T17:47:53Z: and important message or log detail...
*** 2021-11-02T17:52:35Z: pi Starting up MY-DAEMON PID: 3101.
*** 2021-11-02T17:52:35Z: an important message or log detail...
*** 2021-11-02T17:52:43Z: pi Starting up MY-DAEMON PID: 3134.
*** 2021-11-02T17:52:43Z: an important message or log detail...
*** 2021-11-02T17:53:17Z: pi Starting up MY-DAEMON PID: 3165.
*** 2021-11-02T17:53:17Z: an important message or log detail...
*** 2021-11-02T17:53:30Z: pi already running MY-DAEMON PID: 3165
*** 2021-11-02T17:53:34Z: pi already running MY-DAEMON PID: 3165
*** 2021-11-02T17:53:37Z: pi already running MY-DAEMON PID: 3165
*** 2021-11-02T17:53:41Z: pi already running MY-DAEMON PID: 3165
*** 2021-11-02T17:53:45Z: pi already running MY-DAEMON PID: 3165
*** 2021-11-02T17:53:48Z: pi already running MY-DAEMON PID: 3165
*** 2021-11-02T17:56:15Z: pi Starting up MY-DAEMON PID: 3315.
*** 2021-11-02T17:56:15Z: an important message or log detail...
*** 2021-11-02T17:57:15Z: an important message or log detail...
*** 2021-11-02T17:58:15Z: an important message or log detail...
*** 2021-11-02T17:59:15Z: an important message or log detail...
